2013-10-06 23:59:37 TRACE AuthenticationServiceImpl:78 - authenticate ran with user hugo
2013-10-07 00:02:52 TRACE AuthenticationServiceImpl:78 - authenticate ran with user hugo
2013-10-07 00:02:53 TRACE AuthenticationServiceImpl:78 - authenticate ran with user null
2013-10-07 00:03:15 TRACE AuthenticationServiceImpl:78 - authenticate ran with user hugo
2013-10-07 00:03:15 TRACE AuthenticationServiceImpl:78 - authenticate ran with user null
2013-10-07 00:06:38 TRACE AuthenticationServiceImpl:78 - authenticate ran with user hugo
2013-10-07 00:06:38 TRACE AuthenticationServiceImpl:78 - authenticate ran with user null
2013-10-07 00:06:51 TRACE AuthenticationServiceImpl:78 - authenticate ran with user hugo
2013-10-07 00:06:52 TRACE AuthenticationServiceImpl:78 - authenticate ran with user null
2013-10-07 00:10:18 TRACE AuthenticationServiceImpl:78 - authenticate ran with user hugo
2013-10-07 00:10:18 TRACE AuthenticationServiceImpl:78 - authenticate ran with user hugo
2013-10-07 00:10:18 TRACE AuthenticationServiceImpl:87 - authenticate user hugo wrong password
2013-10-07 00:11:03 TRACE AuthenticationServiceImpl:78 - authenticate ran with user unregisteredUser
2013-10-07 00:11:03 TRACE AuthenticationServiceImpl:78 - authenticate ran with user hugo
2013-10-07 00:11:04 TRACE AuthenticationServiceImpl:78 - authenticate ran with user hugo
2013-10-07 00:11:04 TRACE AuthenticationServiceImpl:87 - authenticate user hugo wrong password
2013-10-07 00:11:54 TRACE AuthenticationServiceImpl:78 - authenticate ran with user unregisteredUser
2013-10-07 00:11:54 TRACE AuthenticationServiceImpl:78 - authenticate ran with user hugo
2013-10-07 00:11:55 TRACE AuthenticationServiceImpl:78 - authenticate ran with user hugo
2013-10-07 00:11:55 TRACE AuthenticationServiceImpl:87 - authenticate user hugo wrong password
2013-10-07 00:11:55 ERROR AuthenticationServiceImpl:74 - authenticate ran with user null
2013-10-07 00:13:44 TRACE AuthenticationServiceImpl:78 - authenticate ran with user unregisteredUser
2013-10-07 00:13:44 TRACE AuthenticationServiceImpl:78 - authenticate ran with user hugo
2013-10-07 00:13:45 TRACE AuthenticationServiceImpl:78 - authenticate ran with user hugo
2013-10-07 00:13:45 TRACE AuthenticationServiceImpl:78 - authenticate ran with user hugo
2013-10-07 00:13:45 TRACE AuthenticationServiceImpl:87 - authenticate user hugo wrong password
2013-10-07 00:13:45 ERROR AuthenticationServiceImpl:74 - authenticate ran with user null
2013-10-07 00:15:00 TRACE AuthenticationServiceImpl:78 - authenticate ran with user unregisteredUser
2013-10-07 00:15:00 TRACE AuthenticationServiceImpl:78 - authenticate ran with user hugo
2013-10-07 00:15:00 TRACE AuthenticationServiceImpl:78 - authenticate ran with user hugo
2013-10-07 00:15:00 TRACE AuthenticationServiceImpl:78 - authenticate ran with user hugo
2013-10-07 00:15:00 TRACE AuthenticationServiceImpl:87 - authenticate user hugo wrong password
2013-10-07 00:15:00 ERROR AuthenticationServiceImpl:74 - authenticate ran with user null
2013-10-07 00:15:45 TRACE AuthenticationServiceImpl:78 - authenticate ran with user unregisteredUser
2013-10-07 00:15:45 TRACE AuthenticationServiceImpl:78 - authenticate ran with user hugo
2013-10-07 00:15:46 TRACE AuthenticationServiceImpl:78 - authenticate ran with user hugo
2013-10-07 00:15:46 TRACE AuthenticationServiceImpl:78 - authenticate ran with user hugo
2013-10-07 00:15:46 TRACE AuthenticationServiceImpl:87 - authenticate user hugo wrong password
2013-10-07 00:15:46 ERROR AuthenticationServiceImpl:74 - authenticate ran with user null
2013-10-07 00:16:30 TRACE AuthenticationServiceImpl:78 - authenticate ran with user unregisteredUser
2013-10-07 00:16:30 TRACE AuthenticationServiceImpl:78 - authenticate ran with user hugo
2013-10-07 00:16:31 TRACE AuthenticationServiceImpl:78 - authenticate ran with user hugo
2013-10-07 00:16:31 TRACE AuthenticationServiceImpl:78 - authenticate ran with user hugo
2013-10-07 00:16:31 TRACE AuthenticationServiceImpl:87 - authenticate user hugo wrong password
2013-10-07 00:16:31 ERROR AuthenticationServiceImpl:74 - authenticate ran with user null
2013-10-07 00:16:53 TRACE AuthenticationServiceImpl:79 - authenticate ran with user unregisteredUser
2013-10-07 00:16:53 TRACE AuthenticationServiceImpl:79 - authenticate ran with user hugo
2013-10-07 00:16:54 TRACE AuthenticationServiceImpl:79 - authenticate ran with user hugo
2013-10-07 00:16:54 TRACE AuthenticationServiceImpl:79 - authenticate ran with user hugo
2013-10-07 00:16:54 TRACE AuthenticationServiceImpl:88 - authenticate user hugo wrong password
2013-10-07 00:16:54 ERROR AuthenticationServiceImpl:75 - authenticate ran with user null
2013-10-07 00:18:48 TRACE AuthenticationServiceImpl:79 - authenticate ran with user unregisteredUser
2013-10-07 00:18:48 TRACE AuthenticationServiceImpl:79 - authenticate ran with user hugo
2013-10-07 00:18:48 TRACE AuthenticationServiceImpl:79 - authenticate ran with user hugo
2013-10-07 00:18:48 TRACE AuthenticationServiceImpl:79 - authenticate ran with user hugo
2013-10-07 00:18:48 TRACE AuthenticationServiceImpl:88 - authenticate user hugo wrong password
2013-10-07 00:18:48 ERROR AuthenticationServiceImpl:75 - authenticate ran with user null
2013-10-07 00:21:16 TRACE AuthenticationServiceImpl:72 - authenticate ran with user unregisteredUser
2013-10-07 00:21:16 TRACE AuthenticationServiceImpl:72 - authenticate ran with user hugo
2013-10-07 00:21:17 TRACE AuthenticationServiceImpl:72 - authenticate ran with user hugo
2013-10-07 00:21:17 TRACE AuthenticationServiceImpl:72 - authenticate ran with user hugo
2013-10-07 00:21:17 TRACE AuthenticationServiceImpl:81 - authenticate user hugo wrong password
2013-10-07 00:21:17 ERROR AuthenticationServiceImpl:68 - authenticate ran with user null
2013-10-07 00:23:00 TRACE AuthenticationServiceImpl:71 - authenticate ran with user unregisteredUser
2013-10-07 00:23:00 TRACE AuthenticationServiceImpl:71 - authenticate ran with user hugo
2013-10-07 00:23:02 TRACE AuthenticationServiceImpl:71 - authenticate ran with user hugo
2013-10-07 00:23:02 TRACE AuthenticationServiceImpl:71 - authenticate ran with user hugo
2013-10-07 00:23:02 TRACE AuthenticationServiceImpl:82 - authenticate user hugo wrong password
2013-10-07 00:23:02 ERROR AuthenticationServiceImpl:67 - authenticate ran with user null
2013-10-07 00:24:24 TRACE AuthenticationServiceImpl:72 - authenticate ran with user unregisteredUser
2013-10-07 00:24:24 TRACE AuthenticationServiceImpl:72 - authenticate ran with user hugo
2013-10-07 00:24:25 TRACE AuthenticationServiceImpl:72 - authenticate ran with user hugo
2013-10-07 00:24:25 TRACE AuthenticationServiceImpl:72 - authenticate ran with user hugo
2013-10-07 00:24:25 TRACE AuthenticationServiceImpl:83 - authenticate user hugo wrong password
2013-10-07 00:24:25 ERROR AuthenticationServiceImpl:68 - authenticate ran with user null
2013-10-07 00:33:02 TRACE AuthenticationServiceImpl:72 - authenticate ran with user unregisteredUser
2013-10-07 00:33:02 TRACE AuthenticationServiceImpl:72 - authenticate ran with user hugo
2013-10-07 00:33:03 TRACE AuthenticationServiceImpl:72 - authenticate ran with user hugo
2013-10-07 00:33:03 TRACE AuthenticationServiceImpl:72 - authenticate ran with user hugo
2013-10-07 00:33:03 TRACE AuthenticationServiceImpl:83 - authenticate user hugo wrong password
2013-10-07 00:33:03 ERROR AuthenticationServiceImpl:68 - authenticate ran with user null
2013-10-07 00:37:11 TRACE AuthenticationServiceImpl:72 - authenticate ran with user unregisteredUser
2013-10-07 00:37:11 TRACE AuthenticationServiceImpl:72 - authenticate ran with user hugo
2013-10-07 00:37:11 TRACE AuthenticationServiceImpl:72 - authenticate ran with user hugo
2013-10-07 00:37:11 TRACE AuthenticationServiceImpl:72 - authenticate ran with user hugo
2013-10-07 00:37:11 TRACE AuthenticationServiceImpl:83 - authenticate user hugo wrong password
2013-10-07 00:37:11 ERROR AuthenticationServiceImpl:68 - authenticate ran with user null
2013-10-07 00:41:28 TRACE AuthenticationServiceImpl:71 - authenticate ran with user unregisteredUser
2013-10-07 00:41:28 TRACE AuthenticationServiceImpl:71 - authenticate ran with user hugo
2013-10-07 00:41:29 TRACE AuthenticationServiceImpl:71 - authenticate ran with user hugo
2013-10-07 00:41:29 TRACE AuthenticationServiceImpl:71 - authenticate ran with user hugo
2013-10-07 00:41:29 TRACE AuthenticationServiceImpl:81 - authenticate user hugo wrong password
2013-10-07 00:41:29 ERROR AuthenticationServiceImpl:67 - authenticate ran with user null
2013-10-07 00:47:05 TRACE AuthenticationServiceImpl:71 - authenticate ran with user unregisteredUser
2013-10-07 00:47:05 TRACE AuthenticationServiceImpl:71 - authenticate ran with user hugo
2013-10-07 00:47:06 TRACE AuthenticationServiceImpl:71 - authenticate ran with user hugo
2013-10-07 00:47:06 TRACE AuthenticationServiceImpl:71 - authenticate ran with user hugo
2013-10-07 00:47:06 TRACE AuthenticationServiceImpl:81 - authenticate user hugo wrong password
2013-10-07 00:47:06 ERROR AuthenticationServiceImpl:67 - authenticate ran with user null
2013-10-07 00:47:06 TRACE AuthenticationServiceImpl:71 - authenticate ran with user hugo
2013-10-07 00:47:07 TRACE AuthenticationServiceImpl:49 - validate token: token expired
2013-10-07 00:49:35 TRACE AuthenticationServiceImpl:71 - authenticate ran with user unregisteredUser
2013-10-07 00:49:35 TRACE AuthenticationServiceImpl:71 - authenticate ran with user hugo
2013-10-07 00:49:36 TRACE AuthenticationServiceImpl:71 - authenticate ran with user hugo
2013-10-07 00:49:36 TRACE AuthenticationServiceImpl:71 - authenticate ran with user hugo
2013-10-07 00:49:36 TRACE AuthenticationServiceImpl:71 - authenticate ran with user hugo
2013-10-07 00:49:36 TRACE AuthenticationServiceImpl:81 - authenticate user hugo wrong password
2013-10-07 00:49:36 ERROR AuthenticationServiceImpl:67 - authenticate ran with user null
2013-10-07 00:49:36 TRACE AuthenticationServiceImpl:71 - authenticate ran with user hugo
2013-10-07 00:49:37 TRACE AuthenticationServiceImpl:49 - validate token: token expired
2013-10-07 00:50:12 TRACE AuthenticationServiceImpl:71 - authenticate ran with user unregisteredUser
2013-10-07 00:50:12 TRACE AuthenticationServiceImpl:71 - authenticate ran with user hugo
2013-10-07 00:50:13 TRACE AuthenticationServiceImpl:71 - authenticate ran with user hugo
2013-10-07 00:50:13 TRACE AuthenticationServiceImpl:71 - authenticate ran with user hugo
2013-10-07 00:50:13 TRACE AuthenticationServiceImpl:71 - authenticate ran with user hugo
2013-10-07 00:50:13 TRACE AuthenticationServiceImpl:81 - authenticate user hugo wrong password
2013-10-07 00:50:13 ERROR AuthenticationServiceImpl:67 - authenticate ran with user null
2013-10-07 00:50:13 TRACE AuthenticationServiceImpl:71 - authenticate ran with user hugo
2013-10-07 00:50:14 TRACE AuthenticationServiceImpl:49 - validate token: token expired
2013-10-07 00:53:19 TRACE AuthenticationServiceImpl:75 - authenticate ran with user unregisteredUser
2013-10-07 00:53:19 TRACE AuthenticationServiceImpl:75 - authenticate ran with user hugo
2013-10-07 00:53:20 TRACE AuthenticationServiceImpl:75 - authenticate ran with user hugo
2013-10-07 00:53:20 TRACE AuthenticationServiceImpl:75 - authenticate ran with user hugo
2013-10-07 00:53:20 TRACE AuthenticationServiceImpl:75 - authenticate ran with user hugo
2013-10-07 00:53:20 TRACE AuthenticationServiceImpl:85 - authenticate user hugo wrong password
2013-10-07 00:53:20 ERROR AuthenticationServiceImpl:71 - authenticate ran with user null
2013-10-07 00:53:20 TRACE AuthenticationServiceImpl:75 - authenticate ran with user hugo
2013-10-07 00:53:21 TRACE AuthenticationServiceImpl:49 - validate token: token expired
2013-10-07 00:54:20 TRACE AuthenticationServiceImpl:77 - authenticate ran with user unregisteredUser
2013-10-07 00:54:20 TRACE AuthenticationServiceImpl:77 - authenticate ran with user hugo
2013-10-07 00:54:21 TRACE AuthenticationServiceImpl:77 - authenticate ran with user hugo
2013-10-07 00:54:21 TRACE AuthenticationServiceImpl:77 - authenticate ran with user hugo
2013-10-07 00:54:21 TRACE AuthenticationServiceImpl:77 - authenticate ran with user hugo
2013-10-07 00:54:21 TRACE AuthenticationServiceImpl:87 - authenticate user hugo wrong password
2013-10-07 00:54:21 ERROR AuthenticationServiceImpl:73 - authenticate ran with user null
2013-10-07 00:54:21 TRACE AuthenticationServiceImpl:77 - authenticate ran with user hugo
2013-10-07 00:54:22 TRACE AuthenticationServiceImpl:49 - validate token: token expired
2013-10-07 00:54:55 TRACE AuthenticationServiceImpl:77 - authenticate ran with user unregisteredUser
2013-10-07 00:54:55 TRACE AuthenticationServiceImpl:77 - authenticate ran with user hugo
2013-10-07 00:54:56 TRACE AuthenticationServiceImpl:77 - authenticate ran with user hugo
2013-10-07 00:54:56 TRACE AuthenticationServiceImpl:77 - authenticate ran with user hugo
2013-10-07 00:54:56 TRACE AuthenticationServiceImpl:77 - authenticate ran with user hugo
2013-10-07 00:54:56 TRACE AuthenticationServiceImpl:87 - authenticate user hugo wrong password
2013-10-07 00:54:56 ERROR AuthenticationServiceImpl:73 - authenticate ran with user null
2013-10-07 00:54:56 TRACE AuthenticationServiceImpl:77 - authenticate ran with user hugo
2013-10-07 00:54:57 TRACE AuthenticationServiceImpl:49 - validate token: token expired
2013-10-07 00:55:52 TRACE AuthenticationServiceImpl:77 - authenticate ran with user unregisteredUser
2013-10-07 00:55:52 TRACE AuthenticationServiceImpl:77 - authenticate ran with user hugo
2013-10-07 00:55:53 TRACE AuthenticationServiceImpl:77 - authenticate ran with user hugo
2013-10-07 00:55:53 TRACE AuthenticationServiceImpl:77 - authenticate ran with user hugo
2013-10-07 00:55:53 TRACE AuthenticationServiceImpl:77 - authenticate ran with user hugo
2013-10-07 00:55:53 TRACE AuthenticationServiceImpl:87 - authenticate user hugo wrong password
2013-10-07 00:55:53 ERROR AuthenticationServiceImpl:73 - authenticate ran with user null
2013-10-07 00:55:53 TRACE AuthenticationServiceImpl:77 - authenticate ran with user hugo
2013-10-07 00:55:54 TRACE AuthenticationServiceImpl:49 - validate token: token expired
2013-10-07 00:56:10 TRACE AuthenticationServiceImpl:77 - authenticate ran with user unregisteredUser
2013-10-07 00:56:10 TRACE AuthenticationServiceImpl:77 - authenticate ran with user hugo
2013-10-07 00:56:11 TRACE AuthenticationServiceImpl:77 - authenticate ran with user hugo
2013-10-07 00:56:11 TRACE AuthenticationServiceImpl:77 - authenticate ran with user hugo
2013-10-07 00:56:11 TRACE AuthenticationServiceImpl:77 - authenticate ran with user hugo
2013-10-07 00:56:11 TRACE AuthenticationServiceImpl:87 - authenticate user hugo wrong password
2013-10-07 00:56:11 ERROR AuthenticationServiceImpl:73 - authenticate ran with user null
2013-10-07 00:56:11 TRACE AuthenticationServiceImpl:77 - authenticate ran with user hugo
2013-10-07 00:56:12 TRACE AuthenticationServiceImpl:49 - validate token: token expired
2013-10-07 00:56:53 TRACE AuthenticationServiceImpl:77 - authenticate ran with user unregisteredUser
2013-10-07 00:56:53 TRACE AuthenticationServiceImpl:77 - authenticate ran with user hugo
2013-10-07 00:56:54 WARN  Token:64 - getToken token not valid
2013-10-07 00:56:54 TRACE AuthenticationServiceImpl:66 - authenticate: token invalid
2013-10-07 00:56:54 TRACE AuthenticationServiceImpl:77 - authenticate ran with user hugo
2013-10-07 00:56:54 TRACE AuthenticationServiceImpl:77 - authenticate ran with user hugo
2013-10-07 00:56:54 TRACE AuthenticationServiceImpl:77 - authenticate ran with user hugo
2013-10-07 00:56:54 TRACE AuthenticationServiceImpl:87 - authenticate user hugo wrong password
2013-10-07 00:56:54 ERROR AuthenticationServiceImpl:73 - authenticate ran with user null
2013-10-07 00:56:54 TRACE AuthenticationServiceImpl:77 - authenticate ran with user hugo
2013-10-07 00:56:55 TRACE AuthenticationServiceImpl:49 - validate token: token expired
2013-10-07 00:57:12 TRACE AuthenticationServiceImpl:77 - authenticate ran with user unregisteredUser
2013-10-07 00:57:12 TRACE AuthenticationServiceImpl:77 - authenticate ran with user hugo
2013-10-07 00:57:13 WARN  Token:64 - getToken token not valid
2013-10-07 00:57:13 TRACE AuthenticationServiceImpl:66 - authenticate: token invalid
2013-10-07 00:57:13 TRACE AuthenticationServiceImpl:77 - authenticate ran with user hugo
2013-10-07 00:57:13 TRACE AuthenticationServiceImpl:77 - authenticate ran with user hugo
2013-10-07 00:57:13 TRACE AuthenticationServiceImpl:77 - authenticate ran with user hugo
2013-10-07 00:57:13 TRACE AuthenticationServiceImpl:87 - authenticate user hugo wrong password
2013-10-07 00:57:13 ERROR AuthenticationServiceImpl:73 - authenticate ran with user null
2013-10-07 00:57:13 TRACE AuthenticationServiceImpl:77 - authenticate ran with user hugo
2013-10-07 00:57:14 TRACE AuthenticationServiceImpl:49 - validate token: token expired
2013-10-07 00:57:26 TRACE AuthenticationServiceImpl:77 - authenticate ran with user unregisteredUser
2013-10-07 00:57:26 TRACE AuthenticationServiceImpl:77 - authenticate ran with user hugo
2013-10-07 00:57:26 TRACE AuthenticationServiceImpl:77 - authenticate ran with user hugo
2013-10-07 00:57:27 TRACE AuthenticationServiceImpl:77 - authenticate ran with user hugo
2013-10-07 00:57:27 TRACE AuthenticationServiceImpl:77 - authenticate ran with user hugo
2013-10-07 00:57:27 TRACE AuthenticationServiceImpl:87 - authenticate user hugo wrong password
2013-10-07 00:57:27 ERROR AuthenticationServiceImpl:73 - authenticate ran with user null
2013-10-07 00:57:27 TRACE AuthenticationServiceImpl:77 - authenticate ran with user hugo
2013-10-07 00:57:28 TRACE AuthenticationServiceImpl:49 - validate token: token expired
2013-10-07 00:57:38 TRACE AuthenticationServiceImpl:77 - authenticate ran with user unregisteredUser
2013-10-07 00:57:38 TRACE AuthenticationServiceImpl:77 - authenticate ran with user hugo
2013-10-07 00:57:39 TRACE AuthenticationServiceImpl:77 - authenticate ran with user hugo
2013-10-07 00:57:39 TRACE AuthenticationServiceImpl:77 - authenticate ran with user hugo
2013-10-07 00:57:39 TRACE AuthenticationServiceImpl:77 - authenticate ran with user hugo
2013-10-07 00:57:39 TRACE AuthenticationServiceImpl:87 - authenticate user hugo wrong password
2013-10-07 00:57:39 ERROR AuthenticationServiceImpl:73 - authenticate ran with user null
2013-10-07 00:57:39 TRACE AuthenticationServiceImpl:77 - authenticate ran with user hugo
2013-10-07 00:57:40 TRACE AuthenticationServiceImpl:49 - validate token: token expired
2013-10-07 00:57:46 TRACE AuthenticationServiceImpl:77 - authenticate ran with user unregisteredUser
2013-10-07 00:57:46 TRACE AuthenticationServiceImpl:77 - authenticate ran with user hugo
2013-10-07 00:57:46 TRACE AuthenticationServiceImpl:77 - authenticate ran with user hugo
2013-10-07 00:57:46 TRACE AuthenticationServiceImpl:77 - authenticate ran with user hugo
2013-10-07 00:57:46 TRACE AuthenticationServiceImpl:77 - authenticate ran with user hugo
2013-10-07 00:57:46 TRACE AuthenticationServiceImpl:87 - authenticate user hugo wrong password
2013-10-07 00:57:46 ERROR AuthenticationServiceImpl:73 - authenticate ran with user null
2013-10-07 00:57:46 TRACE AuthenticationServiceImpl:77 - authenticate ran with user hugo
2013-10-07 00:57:47 TRACE AuthenticationServiceImpl:49 - validate token: token expired
2013-10-07 00:58:05 TRACE AuthenticationServiceImpl:77 - authenticate ran with user unregisteredUser
2013-10-07 00:58:05 TRACE AuthenticationServiceImpl:77 - authenticate ran with user hugo
2013-10-07 00:58:06 TRACE AuthenticationServiceImpl:77 - authenticate ran with user hugo
2013-10-07 00:58:06 TRACE AuthenticationServiceImpl:77 - authenticate ran with user hugo
2013-10-07 00:58:06 TRACE AuthenticationServiceImpl:77 - authenticate ran with user hugo
2013-10-07 00:58:06 TRACE AuthenticationServiceImpl:87 - authenticate user hugo wrong password
2013-10-07 00:58:06 ERROR AuthenticationServiceImpl:73 - authenticate ran with user null
2013-10-07 00:58:06 TRACE AuthenticationServiceImpl:77 - authenticate ran with user hugo
2013-10-07 00:58:07 TRACE AuthenticationServiceImpl:49 - validate token: token expired
2013-10-07 01:00:47 TRACE AuthenticationServiceImpl:77 - authenticate ran with user unregisteredUser
2013-10-07 01:00:47 TRACE AuthenticationServiceImpl:77 - authenticate ran with user hugo
2013-10-07 01:00:48 TRACE AuthenticationServiceImpl:77 - authenticate ran with user hugo
2013-10-07 01:00:48 TRACE AuthenticationServiceImpl:77 - authenticate ran with user hugo
2013-10-07 01:00:48 TRACE AuthenticationServiceImpl:77 - authenticate ran with user hugo
2013-10-07 01:00:48 TRACE AuthenticationServiceImpl:87 - authenticate user hugo wrong password
2013-10-07 01:00:48 ERROR AuthenticationServiceImpl:73 - authenticate ran with user null
2013-10-07 01:00:48 TRACE AuthenticationServiceImpl:77 - authenticate ran with user hugo
2013-10-07 01:00:49 TRACE AuthenticationServiceImpl:49 - validate token: token expired
2013-10-07 01:01:16 TRACE AuthenticationServiceImpl:77 - authenticate ran with user unregisteredUser
2013-10-07 01:01:16 TRACE AuthenticationServiceImpl:77 - authenticate ran with user hugo
2013-10-07 01:01:17 TRACE AuthenticationServiceImpl:77 - authenticate ran with user hugo
2013-10-07 01:01:17 TRACE AuthenticationServiceImpl:77 - authenticate ran with user hugo
2013-10-07 01:01:17 TRACE AuthenticationServiceImpl:77 - authenticate ran with user hugo
2013-10-07 01:01:17 TRACE AuthenticationServiceImpl:87 - authenticate user hugo wrong password
2013-10-07 01:01:17 ERROR AuthenticationServiceImpl:73 - authenticate ran with user null
2013-10-07 01:01:17 TRACE AuthenticationServiceImpl:77 - authenticate ran with user hugo
2013-10-07 01:01:18 TRACE AuthenticationServiceImpl:49 - validate token: token expired
2013-10-07 01:02:13 TRACE AuthenticationServiceImpl:77 - authenticate ran with user unregisteredUser
2013-10-07 01:02:13 TRACE AuthenticationServiceImpl:77 - authenticate ran with user hugo
2013-10-07 01:02:14 TRACE AuthenticationServiceImpl:77 - authenticate ran with user hugo
2013-10-07 01:02:14 TRACE AuthenticationServiceImpl:77 - authenticate ran with user hugo
2013-10-07 01:02:14 TRACE AuthenticationServiceImpl:77 - authenticate ran with user hugo
2013-10-07 01:02:14 TRACE AuthenticationServiceImpl:87 - authenticate user hugo wrong password
2013-10-07 01:02:14 ERROR AuthenticationServiceImpl:73 - authenticate ran with user null
2013-10-07 01:02:14 TRACE AuthenticationServiceImpl:77 - authenticate ran with user hugo
2013-10-07 01:02:15 TRACE AuthenticationServiceImpl:49 - validate token: token expired
